<?xml version="1.0" encoding="UTF-8"?>
<!-- Generated by org.testng.reporters.JUnitXMLReporter -->
<testsuite ignored="0" hostname="DESKTOP-FRBBLIR" failures="0" tests="2" name="fbhome_restart Edge browser" time="40.933" errors="0" timestamp="2023-08-19T09:52:06 EDT">
  <testcase classname="Testframework.testNgProject1.NewTest2" name="fbtestTaxtCase" time="10.405"/>
  <testcase classname="Testframework.testNgProject1.NewTest2" name="fbtestTaxtCase2" time="10.518"/>
</testsuite> <!-- fbhome_restart Edge browser -->
