<?xml version="1.0" encoding="UTF-8"?>
<!-- Generated by org.testng.reporters.JUnitXMLReporter -->
<testsuite ignored="0" hostname="DESKTOP-FRBBLIR" failures="0" tests="1" name="fbhome_restart Chrome browser" time="0.168" errors="0" timestamp="2023-09-08T18:26:44 EDT">
  <testcase classname="Testframework.testNgProject1.NewTestamazon" name="@BeforeTest BeforeTest" time="0.119">
    <failure type="java.lang.IllegalStateException" message="The driver executable does not exist: C:\Users\user\eclipse-workspace\mavenbatch7\drivers\geckodriver.exe">
      <![CDATA[java.lang.IllegalStateException: The driver executable does not exist: C:\Users\user\eclipse-workspace\mavenbatch7\drivers\geckodriver.exe
at com.google.common.base.Preconditions.checkState(Preconditions.java:585)
at org.openqa.selenium.remote.service.DriverService.checkExecutable(DriverService.java:146)
at org.openqa.selenium.remote.service.DriverService.findExecutable(DriverService.java:141)
at org.openqa.selenium.firefox.GeckoDriverService.access$100(GeckoDriverService.java:44)
at org.openqa.selenium.firefox.GeckoDriverService$Builder.findDefaultExecutable(GeckoDriverService.java:167)
at org.openqa.selenium.remote.service.DriverService$Builder.build(DriverService.java:355)
at org.openqa.selenium.firefox.FirefoxDriver.toExecutor(FirefoxDriver.java:190)
at org.openqa.selenium.firefox.FirefoxDriver.<init>(FirefoxDriver.java:147)
at org.openqa.selenium.firefox.FirefoxDriver.<init>(FirefoxDriver.java:125)
at Testframework.testNgProject1.NewTestamazon.BeforeTest(NewTestamazon.java:32)
... Removed 24 stack frames]]>
    </failure>
  </testcase> <!-- @BeforeTest BeforeTest -->
  <testcase classname="Testframework.testNgProject1.NewTestamazon" name="@AfterTest afterTest" time="0.0">
    <skipped/>
  </testcase> <!-- @AfterTest afterTest -->
  <testcase classname="Testframework.testNgProject1.NewTestamazon" name="f" time="0.0">
    <skipped/>
  </testcase> <!-- f -->
</testsuite> <!-- fbhome_restart Chrome browser -->
