<?xml version="1.0" encoding="UTF-8"?>
<!-- Generated by org.testng.reporters.JUnitXMLReporter -->
<testsuite ignored="0" hostname="DESKTOP-FRBBLIR" failures="0" tests="2" name="fbhome_restart Chrome browser" time="25.148" errors="0" timestamp="2023-08-19T11:17:20 EDT">
  <testcase classname="Testframework.testNgProject1.NewTestdp" name="f" time="5.194"/>
  <testcase classname="Testframework.testNgProject1.NewTestdp" name="f" time="5.157"/>
</testsuite> <!-- fbhome_restart Chrome browser -->
