<?xml version="1.0" encoding="UTF-8"?>
<testng-results ignored="0" total="1" passed="1" failed="0" skipped="0">
  <reporter-output>
  </reporter-output>
  <suite started-at="2023-09-13T18:15:33 EDT" name="Default suite" finished-at="2023-09-13T18:16:05 EDT" duration-ms="31814">
    <groups>
    </groups>
    <test started-at="2023-09-13T18:15:33 EDT" name="Default test" finished-at="2023-09-13T18:16:05 EDT" duration-ms="31814">
      <class name="Testframework.testNgProject1.NewTestamazon">
        <test-method is-config="true" signature="BeforeTest()[pri:0, instance:Testframework.testNgProject1.NewTestamazon@2d710f1a]" started-at="2023-09-13T18:15:33 EDT" name="BeforeTest" finished-at="2023-09-13T18:15:45 EDT" duration-ms="12004" status="PASS">
          <reporter-output>
          </reporter-output>
        </test-method> <!-- BeforeTest -->
        <test-method signature="f()[pri:0, instance:Testframework.testNgProject1.NewTestamazon@2d710f1a]" started-at="2023-09-13T18:15:45 EDT" name="f" finished-at="2023-09-13T18:16:05 EDT" duration-ms="19610" status="PASS">
          <reporter-output>
          </reporter-output>
        </test-method> <!-- f -->
        <test-method is-config="true" signature="afterTest()[pri:0, instance:Testframework.testNgProject1.NewTestamazon@2d710f1a]" started-at="2023-09-13T18:16:05 EDT" name="afterTest" finished-at="2023-09-13T18:16:05 EDT" duration-ms="163" status="PASS">
          <reporter-output>
          </reporter-output>
        </test-method> <!-- afterTest -->
      </class> <!-- Testframework.testNgProject1.NewTestamazon -->
    </test> <!-- Default test -->
  </suite> <!-- Default suite -->
</testng-results>
