<?xml version="1.0" encoding="UTF-8"?>
<testng-results ignored="0" total="2" passed="2" failed="0" skipped="0">
  <reporter-output>
  </reporter-output>
  <suite started-at="2023-08-19T11:16:54 EDT" name="regression" finished-at="2023-08-19T11:17:20 EDT" duration-ms="25148">
    <groups>
    </groups>
    <test started-at="2023-08-19T11:16:54 EDT" name="fbhome_restart Chrome browser" finished-at="2023-08-19T11:17:20 EDT" duration-ms="25148">
      <class name="Testframework.testNgProject1.NewTestdp">
        <test-method is-config="true" signature="beforeMethod(java.lang.String)[pri:0, instance:Testframework.testNgProject1.NewTestdp@82de64a]" started-at="2023-08-19T11:16:54 EDT" name="beforeMethod" finished-at="2023-08-19T11:17:02 EDT" duration-ms="7505" status="PASS">
          <params>
            <param index="0">
              <value>
                <![CDATA[Chrome]]>
              </value>
            </param>
          </params>
          <reporter-output>
          </reporter-output>
        </test-method> <!-- beforeMethod -->
        <test-method signature="f(java.lang.String,java.lang.String)[pri:0, instance:Testframework.testNgProject1.NewTestdp@82de64a]" started-at="2023-08-19T11:17:02 EDT" name="f" data-provider="dp" finished-at="2023-08-19T11:17:07 EDT" duration-ms="5194" status="PASS">
          <params>
            <param index="0">
              <value>
                <![CDATA[abc@yahoo.com]]>
              </value>
            </param>
            <param index="1">
              <value>
                <![CDATA[12345]]>
              </value>
            </param>
          </params>
          <reporter-output>
          </reporter-output>
        </test-method> <!-- f -->
        <test-method is-config="true" signature="afterMethod()[pri:0, instance:Testframework.testNgProject1.NewTestdp@82de64a]" started-at="2023-08-19T11:17:07 EDT" name="afterMethod" finished-at="2023-08-19T11:17:07 EDT" duration-ms="109" status="PASS">
          <reporter-output>
          </reporter-output>
        </test-method> <!-- afterMethod -->
        <test-method is-config="true" signature="beforeMethod(java.lang.String)[pri:0, instance:Testframework.testNgProject1.NewTestdp@82de64a]" started-at="2023-08-19T11:17:07 EDT" name="beforeMethod" finished-at="2023-08-19T11:17:14 EDT" duration-ms="7037" status="PASS">
          <params>
            <param index="0">
              <value>
                <![CDATA[Chrome]]>
              </value>
            </param>
          </params>
          <reporter-output>
          </reporter-output>
        </test-method> <!-- beforeMethod -->
        <test-method signature="f(java.lang.String,java.lang.String)[pri:0, instance:Testframework.testNgProject1.NewTestdp@82de64a]" started-at="2023-08-19T11:17:14 EDT" name="f" data-provider="dp" finished-at="2023-08-19T11:17:19 EDT" duration-ms="5157" status="PASS">
          <params>
            <param index="0">
              <value>
                <![CDATA[ssabc@yahoo.com]]>
              </value>
            </param>
            <param index="1">
              <value>
                <![CDATA[124547]]>
              </value>
            </param>
          </params>
          <reporter-output>
          </reporter-output>
        </test-method> <!-- f -->
        <test-method is-config="true" signature="afterMethod()[pri:0, instance:Testframework.testNgProject1.NewTestdp@82de64a]" started-at="2023-08-19T11:17:19 EDT" name="afterMethod" finished-at="2023-08-19T11:17:20 EDT" duration-ms="96" status="PASS">
          <reporter-output>
          </reporter-output>
        </test-method> <!-- afterMethod -->
      </class> <!-- Testframework.testNgProject1.NewTestdp -->
    </test> <!-- fbhome_restart Chrome browser -->
  </suite> <!-- regression -->
</testng-results>
